[INFO]: New tweet: "[Sat May 07 09:46:34 MDT 2016] RT @pro2bdg: Selamat buat jkt48ve Jadi Center di #JKT48SSK2016 
#JKT48Pemilihan2016 #Senbatsu
#Center #JKT48… https://t.co/91MrJiqohF"
[INFO]: New tweet: "[Sat May 07 09:51:23 MDT 2016] why no worky #corner"
[INFO]: New tweet: "[Sat May 07 09:55:07 MDT 2016] #photoshoot #summer #beach #scene #glasses #model #corner #sandcastle #flipflops #bucket #… https://t.co/0AJI93IO1y https://t.co/oNNGniKhBf"
[INFO]: New tweet: "[Sat May 07 09:48:56 MDT 2016] hmm #corner"
[INFO]: New tweet: "[Sat May 07 09:37:43 MDT 2016] RT @Samsung_Pak: For the stylish and edgy!#Samsung #GalaxyS7edge #Style #Edge
https://t.co/cb8MhfIW0k https://t.co/abC4gLcRZe"
[INFO]: New tweet: "[Sat May 07 10:00:19 MDT 2016] Well that worked #edge"
[INFO]: New tweet: "[Sat May 07 09:51:21 MDT 2016] Just look at it. Sooo pretty 😍 #Samsung #GalaxyS7 #Edge https://t.co/eup5WtwMoZ"
[INFO]: New tweet: "[Sat May 07 09:35:02 MDT 2016] Two-sided #Edge creates a textural #wall feature that looks different on each side. https://t.co/YJI53RwGHZ #design https://t.co/CCBm09uUnI"
[INFO]: New tweet: "[Sat May 07 09:45:08 MDT 2016] Selamat buat jkt48ve Jadi Center di #JKT48SSK2016 
#JKT48Pemilihan2016 #Senbatsu
#Center #JKT48… https://t.co/91MrJiqohF"
[INFO]: New tweet: "[Sat May 07 09:49:39 MDT 2016] wtfffff???? #corner"
[INFO]: New tweet: "[Sat May 07 09:35:46 MDT 2016] and agaiin bidadari jadi center @vejkt48 @veJKT48fans 
#proses #ve #center"
[INFO]: New tweet: "[Sat May 07 09:58:51 MDT 2016] what's the deal #corner"
[INFO]: New tweet: "[Sat May 07 09:46:03 MDT 2016] #AdBlock and AdBlock Plus are available for Microsoft #Edge https://t.co/k9IzBJe9Y5"
[INFO]: New tweet: "[Sat May 07 09:54:57 MDT 2016] bzrre #corner"
[INFO]: New tweet: "[Sat May 07 09:47:11 MDT 2016] weird #corner"
[INFO]: New tweet: "[Sat May 07 10:02:41 MDT 2016] Serial is kinda funky. #corner"
[INFO]: New tweet: "[Sat May 07 10:04:12 MDT 2016] Well that seems to work. Cool! #edge"
[INFO]: New tweet: "[Sat May 07 10:08:35 MDT 2016] #Ejecutivos #Atenciónal#Cliente #Call #Center No es #necesaria #Experiencia https://t.co/2NYtiHSCtz"
[INFO]: New tweet: "[Sat May 07 10:09:56 MDT 2016] We're #hiring! Read about our latest #job opening here: Retail Store Positions - https://t.co/feTfjwuBvG #Center, TX #Retail #CareerArc"
[INFO]: New tweet: "[Sat May 07 10:10:02 MDT 2016] Speak up! Keep hands & eyes on the road with voice-activated technology in the 2016 #Edge: https://t.co/PQ4nfMjpqP https://t.co/68M3XzYyDX"
[INFO]: New tweet: "[Sat May 07 10:11:48 MDT 2016] RT @AutoExpress: The US-developed #Ford #Edge #SUV has been a long time coming, so is it worth the wait? https://t.co/7oXzFpTWHL https://t.…"
[INFO]: New tweet: "[Sat May 07 10:11:32 MDT 2016] RT @AutoExpress: The US-developed #Ford #Edge #SUV has been a long time coming, so is it worth the wait? https://t.co/7oXzFpTWHL https://t.…"
[INFO]: New tweet: "[Sat May 07 10:12:14 MDT 2016] @skandalomsusad #edge"
[INFO]: New tweet: "[Sat May 07 10:12:34 MDT 2016] RT @AutoExpress: The US-developed #Ford #Edge #SUV has been a long time coming, so is it worth the wait? https://t.co/7oXzFpTWHL https://t.…"
